<?xml version="1.0" encoding="UTF-8"?>
<!-- Generated by org.testng.reporters.JUnitReportReporter -->
<testsuite skipped="1" hostname="LAPTOP-DGUP2R51" name="com.Cucumber_exam.Runner.Runner" tests="2" failures="0" timestamp="13 Sep 2021 07:25:12 GMT" time="49.850" errors="0">
  <testcase name="runScenario" time="25.595" classname="com.Cucumber_exam.Runner.Runner"/>
  <testcase name="runScenario" time="24.255" classname="com.Cucumber_exam.Runner.Runner">
    <skipped/>
  </testcase> <!-- runScenario -->
</testsuite> <!-- com.Cucumber_exam.Runner.Runner -->
